<?xml version="1.0" encoding="UTF-8"?>
<!-- Generated by org.testng.reporters.JUnitReportReporter -->
<testsuite skipped="0" hostname="MacBook-Pro.local" name="com.qa.tests.Scenario1" tests="1" failures="0" timestamp="16 Jul 2020 22:12:48 GMT" time="146.812" errors="0">
  <testcase name="test2" time="146.812" classname="com.qa.tests.Scenario1"/>
</testsuite> <!-- com.qa.tests.Scenario1 -->
