<?xml version="1.0" encoding="UTF-8"?>
<!-- Generated by org.testng.reporters.JUnitReportReporter -->
<testsuite skipped="0" hostname="MacBook-Pro.local" name="com.qa.tests.Scenario" tests="1" failures="0" timestamp="10 Jul 2020 04:05:44 GMT" time="136.181" errors="0">
  <testcase name="test3" time="136.181" classname="com.qa.tests.Scenario"/>
</testsuite> <!-- com.qa.tests.Scenario -->
